chl566
*   0a9aef1 merge b4
|\  
| *   d265284 Merge branch 'b3' into b4
| |\  
| | * 5754935 1st commit on b3
* | |   78fc2ae Merge branch 'b2'
|\ \ \  
| |/ /  
|/| |   
| * | 38ee505 1st commit on b2
* | |   fbad489 Merge branch 'b1'
|\ \ \  
| |/ /  
|/| /   
| |/    
| * e47b8c5 1st commit on b1
* | 2592077 2nd commit on master
|/  
* 8fedef9 1st commit on master
pll273
*   36e31ba Merge branch 'branch4'
|\  
| *   bd0a193 Merge branch 'branch3' into branch4
| |\  
| | * 2808269 t3
* | |   a10c1fc Merge branch 'branch2'
|\ \ \  
| |/ /  
|/| |   
| * | 9355bcd t5
* | |   87bcaa3 Merge branch 'branch1'
|\ \ \  
| |/ /  
|/| /   
| |/    
| * 469db8f t2
* | a992276 t4
|/  
* 95b03d7 t1
