pll273
*   36e31ba Merge branch 'branch4'
|\  
| *   bd0a193 Merge branch 'branch3' into branch4
| |\  
| | * 2808269 t3
* | |   a10c1fc Merge branch 'branch2'
|\ \ \  
| |/ /  
|/| |   
| * | 9355bcd t5
* | |   87bcaa3 Merge branch 'branch1'
|\ \ \  
| |/ /  
|/| /   
| |/    
| * 469db8f t2
* | a992276 t4
|/  
* 95b03d7 t1
st3127
*   33f07a6 (HEAD -> master, branch1,2) 9th commit, reach final node
|\  
| *   f98c9cc (branch1) 7th commit, Merge branch1.1 into branch(1,2)
| |\  
| | * 91128dd (branch1.1) 3nd commit branch 1.1
* | |   8440d5d 8th commit, Merge branch2.2 into branch1,2
|\ \ \  
| |/ /  
|/| |   
| * | db3a225 (branch2.2) 5th commit, branch 2.2
* | |   3767cf3 6th commit, Merge branch1 and branch2, get branch(1,2)
|\ \ \  
| |/ /  
| | /   
| |/    
|/|     
| * 30bf697 (branch2) 4th commit, branch 2
* | d80895d 2nd commit, branch 1
|/  
* ff41505 1st commit, master branch
